build/app/intermediates/manifest_merge_blame_file/debug/processDebugMainManifest/manifest-merger-blame-debug-report.txt
1<?xml version="1.0" encoding="utf-8"?>
2<manifest xmlns:android="http://schemas.android.com/apk/res/android"
3    package="com.example.myapp"
4    android:versionCode="1"
5    android:versionName="1.0.0" >
6
7    <uses-sdk
8        android:minSdkVersion="21"
9        android:targetSdkVersion="35" />
10    <!--
11         The INTERNET permission is required for development. Specifically,
12         the Flutter tool needs it to communicate with the running application
13         to allow setting breakpoints, to provide hot reload, etc.
14    -->
15    <uses-permission android:name="android.permission.INTERNET" />
15-->src\debug\AndroidManifest.xml:6:5-66
15-->src\debug\AndroidManifest.xml:6:22-64
16    <!--
17     Required to query activities that can process text, see:
18         https://developer.android.com/training/package-visibility and
19         https://developer.android.com/reference/android/content/Intent#ACTION_PROCESS_TEXT.
20
21         In particular, this is used by the Flutter engine in io.flutter.plugin.text.ProcessTextPlugin.
22    -->
23    <queries>
23-->src\main\AndroidManifest.xml:39:5-44:15
24        <intent>
24-->src\main\AndroidManifest.xml:40:9-43:18
25            <action android:name="android.intent.action.PROCESS_TEXT" />
25-->src\main\AndroidManifest.xml:41:13-72
25-->src\main\AndroidManifest.xml:41:21-70
26
27            <data android:mimeType="text/plain" />
27-->src\main\AndroidManifest.xml:42:13-50
27-->src\main\AndroidManifest.xml:42:19-48
28        </intent>
29    </queries>
30
31    <permission
31-->[androidx.core:core:1.13.1] AndroidManifest.xml:22:5-24:47
32        android:name="com.example.myapp.DYNAMIC_RECEIVER_NOT_EXPORTED_PERMISSION"
32-->[androidx.core:core:1.13.1] AndroidManifest.xml:23:9-81
33        android:protectionLevel="signature" />
33-->[androidx.core:core:1.13.1] AndroidManifest.xml:24:9-44
34
35    <uses-permission android:name="com.example.myapp.DYNAMIC_RECEIVER_NOT_EXPORTED_PERMISSION" />
35-->[androidx.core:core:1.13.1] AndroidManifest.xml:26:5-97
35-->[androidx.core:core:1.13.1] AndroidManifest.xml:26:22-94
36
37    <application
38        android:name="android.app.Application"
39        android:appComponentFactory="androidx.core.app.CoreComponentFactory"
39-->[androidx.core:core:1.13.1] AndroidManifest.xml:28:18-86
40        android:debuggable="true"
41        android:extractNativeLibs="true"
42        android:icon="@mipmap/ic_launcher"
43        android:label="Limux" >
44        <activity
45            android:name="com.example.myapp.MainActivity"
46            android:configChanges="orientation|keyboardHidden|keyboard|screenSize|smallestScreenSize|locale|layoutDirection|fontScale|screenLayout|density|uiMode"
47            android:exported="true"
48            android:hardwareAccelerated="true"
49            android:launchMode="singleTop"
50            android:taskAffinity=""
51            android:theme="@style/LaunchTheme"
52            android:windowSoftInputMode="adjustResize" >
53
54            <!--
55                 Specifies an Android theme to apply to this Activity as soon as
56                 the Android process has started. This theme is visible to the user
57                 while the Flutter UI initializes. After that, this theme continues
58                 to determine the Window background behind the Flutter UI.
59            -->
60            <meta-data
61                android:name="io.flutter.embedding.android.NormalTheme"
62                android:resource="@style/NormalTheme" />
63
64            <intent-filter>
65                <action android:name="android.intent.action.MAIN" />
66
67                <category android:name="android.intent.category.LAUNCHER" />
68            </intent-filter>
69        </activity>
70        <!--
71             Don't delete the meta-data below.
72             This is used by the Flutter tool to generate GeneratedPluginRegistrant.java
73        -->
74        <meta-data
75            android:name="flutterEmbedding"
76            android:value="2" />
77        <!--
78           Declares a provider which allows us to store files to share in
79           '.../caches/share_plus' and grant the receiving action access
80        -->
81        <provider
81-->[:share_plus] AndroidManifest.xml:13:9-21:20
82            android:name="dev.fluttercommunity.plus.share.ShareFileProvider"
82-->[:share_plus] AndroidManifest.xml:14:13-77
83            android:authorities="com.example.myapp.flutter.share_provider"
83-->[:share_plus] AndroidManifest.xml:15:13-74
84            android:exported="false"
84-->[:share_plus] AndroidManifest.xml:16:13-37
85            android:grantUriPermissions="true" >
85-->[:share_plus] AndroidManifest.xml:17:13-47
86            <meta-data
86-->[:share_plus] AndroidManifest.xml:18:13-20:68
87                android:name="android.support.FILE_PROVIDER_PATHS"
87-->[:share_plus] AndroidManifest.xml:19:17-67
88                android:resource="@xml/flutter_share_file_paths" />
88-->[:share_plus] AndroidManifest.xml:20:17-65
89        </provider>
90        <!--
91           This manifest declared broadcast receiver allows us to use an explicit
92           Intent when creating a PendingItent to be informed of the user's choice
93        -->
94        <receiver
94-->[:share_plus] AndroidManifest.xml:26:9-32:20
95            android:name="dev.fluttercommunity.plus.share.SharePlusPendingIntent"
95-->[:share_plus] AndroidManifest.xml:27:13-82
96            android:exported="false" >
96-->[:share_plus] AndroidManifest.xml:28:13-37
97            <intent-filter>
97-->[:share_plus] AndroidManifest.xml:29:13-31:29
98                <action android:name="EXTRA_CHOSEN_COMPONENT" />
98-->[:share_plus] AndroidManifest.xml:30:17-65
98-->[:share_plus] AndroidManifest.xml:30:25-62
99            </intent-filter>
100        </receiver>
101
102        <provider
102-->[:image_picker_android] AndroidManifest.xml:9:9-17:20
103            android:name="io.flutter.plugins.imagepicker.ImagePickerFileProvider"
103-->[:image_picker_android] AndroidManifest.xml:10:13-82
104            android:authorities="com.example.myapp.flutter.image_provider"
104-->[:image_picker_android] AndroidManifest.xml:11:13-74
105            android:exported="false"
105-->[:image_picker_android] AndroidManifest.xml:12:13-37
106            android:grantUriPermissions="true" >
106-->[:image_picker_android] AndroidManifest.xml:13:13-47
107            <meta-data
107-->[:share_plus] AndroidManifest.xml:18:13-20:68
108                android:name="android.support.FILE_PROVIDER_PATHS"
108-->[:share_plus] AndroidManifest.xml:19:17-67
109                android:resource="@xml/flutter_image_picker_file_paths" />
109-->[:share_plus] AndroidManifest.xml:20:17-65
110        </provider> <!-- Trigger Google Play services to install the backported photo picker module. -->
111        <service
111-->[:image_picker_android] AndroidManifest.xml:19:9-31:19
112            android:name="com.google.android.gms.metadata.ModuleDependencies"
112-->[:image_picker_android] AndroidManifest.xml:20:13-78
113            android:enabled="false"
113-->[:image_picker_android] AndroidManifest.xml:21:13-36
114            android:exported="false" >
114-->[:image_picker_android] AndroidManifest.xml:22:13-37
115            <intent-filter>
115-->[:image_picker_android] AndroidManifest.xml:24:13-26:29
116                <action android:name="com.google.android.gms.metadata.MODULE_DEPENDENCIES" />
116-->[:image_picker_android] AndroidManifest.xml:25:17-94
116-->[:image_picker_android] AndroidManifest.xml:25:25-91
117            </intent-filter>
118
119            <meta-data
119-->[:image_picker_android] AndroidManifest.xml:28:13-30:36
120                android:name="photopicker_activity:0:required"
120-->[:image_picker_android] AndroidManifest.xml:29:17-63
121                android:value="" />
121-->[:image_picker_android] AndroidManifest.xml:30:17-33
122        </service>
123
124        <activity
124-->[:url_launcher_android] AndroidManifest.xml:8:9-11:74
125            android:name="io.flutter.plugins.urllauncher.WebViewActivity"
125-->[:url_launcher_android] AndroidManifest.xml:9:13-74
126            android:exported="false"
126-->[:url_launcher_android] AndroidManifest.xml:10:13-37
127            android:theme="@android:style/Theme.NoTitleBar.Fullscreen" />
127-->[:url_launcher_android] AndroidManifest.xml:11:13-71
128
129        <uses-library
129-->[androidx.window:window:1.2.0] AndroidManifest.xml:23:9-25:40
130            android:name="androidx.window.extensions"
130-->[androidx.window:window:1.2.0] AndroidManifest.xml:24:13-54
131            android:required="false" />
131-->[androidx.window:window:1.2.0] AndroidManifest.xml:25:13-37
132        <uses-library
132-->[androidx.window:window:1.2.0] AndroidManifest.xml:26:9-28:40
133            android:name="androidx.window.sidecar"
133-->[androidx.window:window:1.2.0] AndroidManifest.xml:27:13-51
134            android:required="false" />
134-->[androidx.window:window:1.2.0] AndroidManifest.xml:28:13-37
135
136        <provider
136-->[androidx.lifecycle:lifecycle-process:2.7.0] AndroidManifest.xml:24:9-32:20
137            android:name="androidx.startup.InitializationProvider"
137-->[androidx.lifecycle:lifecycle-process:2.7.0] AndroidManifest.xml:25:13-67
138            android:authorities="com.example.myapp.androidx-startup"
138-->[androidx.lifecycle:lifecycle-process:2.7.0] AndroidManifest.xml:26:13-68
139            android:exported="false" >
139-->[androidx.lifecycle:lifecycle-process:2.7.0] AndroidManifest.xml:27:13-37
140            <meta-data
140-->[androidx.lifecycle:lifecycle-process:2.7.0] AndroidManifest.xml:29:13-31:52
141                android:name="androidx.lifecycle.ProcessLifecycleInitializer"
141-->[androidx.lifecycle:lifecycle-process:2.7.0] AndroidManifest.xml:30:17-78
142                android:value="androidx.startup" />
142-->[androidx.lifecycle:lifecycle-process:2.7.0] AndroidManifest.xml:31:17-49
143            <meta-data
143-->[androidx.profileinstaller:profileinstaller:1.3.1] AndroidManifest.xml:29:13-31:52
144                android:name="androidx.profileinstaller.ProfileInstallerInitializer"
144-->[androidx.profileinstaller:profileinstaller:1.3.1] AndroidManifest.xml:30:17-85
145                android:value="androidx.startup" />
145-->[androidx.profileinstaller:profileinstaller:1.3.1] AndroidManifest.xml:31:17-49
146        </provider>
147
148        <receiver
148-->[androidx.profileinstaller:profileinstaller:1.3.1] AndroidManifest.xml:34:9-52:20
149            android:name="androidx.profileinstaller.ProfileInstallReceiver"
149-->[androidx.profileinstaller:profileinstaller:1.3.1] AndroidManifest.xml:35:13-76
150            android:directBootAware="false"
150-->[androidx.profileinstaller:profileinstaller:1.3.1] AndroidManifest.xml:36:13-44
151            android:enabled="true"
151-->[androidx.profileinstaller:profileinstaller:1.3.1] AndroidManifest.xml:37:13-35
152            android:exported="true"
152-->[androidx.profileinstaller:profileinstaller:1.3.1] AndroidManifest.xml:38:13-36
153            android:permission="android.permission.DUMP" >
153-->[androidx.profileinstaller:profileinstaller:1.3.1] AndroidManifest.xml:39:13-57
154            <intent-filter>
154-->[androidx.profileinstaller:profileinstaller:1.3.1] AndroidManifest.xml:40:13-42:29
155                <action android:name="androidx.profileinstaller.action.INSTALL_PROFILE" />
155-->[androidx.profileinstaller:profileinstaller:1.3.1] AndroidManifest.xml:41:17-91
155-->[androidx.profileinstaller:profileinstaller:1.3.1] AndroidManifest.xml:41:25-88
156            </intent-filter>
157            <intent-filter>
157-->[androidx.profileinstaller:profileinstaller:1.3.1] AndroidManifest.xml:43:13-45:29
158                <action android:name="androidx.profileinstaller.action.SKIP_FILE" />
158-->[androidx.profileinstaller:profileinstaller:1.3.1] AndroidManifest.xml:44:17-85
158-->[androidx.profileinstaller:profileinstaller:1.3.1] AndroidManifest.xml:44:25-82
159            </intent-filter>
160            <intent-filter>
160-->[androidx.profileinstaller:profileinstaller:1.3.1] AndroidManifest.xml:46:13-48:29
161                <action android:name="androidx.profileinstaller.action.SAVE_PROFILE" />
161-->[androidx.profileinstaller:profileinstaller:1.3.1] AndroidManifest.xml:47:17-88
161-->[androidx.profileinstaller:profileinstaller:1.3.1] AndroidManifest.xml:47:25-85
162            </intent-filter>
163            <intent-filter>
163-->[androidx.profileinstaller:profileinstaller:1.3.1] AndroidManifest.xml:49:13-51:29
164                <action android:name="androidx.profileinstaller.action.BENCHMARK_OPERATION" />
164-->[androidx.profileinstaller:profileinstaller:1.3.1] AndroidManifest.xml:50:17-95
164-->[androidx.profileinstaller:profileinstaller:1.3.1] AndroidManifest.xml:50:25-92
165            </intent-filter>
166        </receiver>
167    </application>
168
169</manifest>